-------------------------------------------------------------------------------
Test set: com.example.demo.LoanManagementApplicationTests
-------------------------------------------------------------------------------
Tests run: 1, Failures: 0, Errors: 1, Skipped: 0, Time elapsed: 0.19 s <<< FAILURE! - in com.example.demo.LoanManagementApplicationTests
com.example.demo.LoanManagementApplicationTests  Time elapsed: 0.19 s  <<< ERROR!
java.lang.IllegalStateException: Unable to find a @SpringBootConfiguration, you need to use @ContextConfiguration or @SpringBootTest(classes=...) with your test

